<?xml version="1.0" encoding="UTF-8"?>
<!-- Generated by org.testng.reporters.JUnitReportReporter -->
<testsuite hostname="Jigars-MBP" failures="0" tests="4" name="com.qa.tests.DemoTest" time="0.007" errors="0" timestamp="10 Mar 2019 09:30:20 GMT" skipped="0">
  <testcase classname="com.qa.tests.DemoTest" name="sub" time="0.000"/>
  <testcase classname="com.qa.tests.DemoTest" name="div" time="0.006"/>
  <testcase classname="com.qa.tests.DemoTest" name="sum" time="0.000"/>
  <testcase classname="com.qa.tests.DemoTest" name="mul" time="0.001"/>
</testsuite> <!-- com.qa.tests.DemoTest -->
